PC: 00000000	SP: 0000270f	A: 00000000	B: 00000000	ldc 6
PC: 00000001	SP: 0000270f	A: 00000006	B: 00000000	stl 0
PC: 00000002	SP: 0000270f	A: 00000000	B: 00000000	ldc 10
PC: 00000003	SP: 0000270f	A: 0000000a	B: 00000000	stl 1
PC: 00000004	SP: 0000270f	A: 00000000	B: 00000000	ldc 5
PC: 00000005	SP: 0000270f	A: 00000005	B: 00000000	stl 2
PC: 00000006	SP: 0000270f	A: 00000000	B: 00000000	ldc 12
PC: 00000007	SP: 0000270f	A: 0000000c	B: 00000000	stl 3
PC: 00000008	SP: 0000270f	A: 00000000	B: 00000000	ldc 2
PC: 00000009	SP: 0000270f	A: 00000002	B: 00000000	stl 4
PC: 0000000a	SP: 0000270f	A: 00000000	B: 00000000	ldc 3
PC: 0000000b	SP: 0000270f	A: 00000003	B: 00000000	stl 5
PC: 0000000c	SP: 0000270f	A: 00000000	B: 00000000	ldl 0
PC: 0000000d	SP: 0000270f	A: 00000006	B: 00000000	adc 16777215
PC: 0000000e	SP: 0000270f	A: 01000005	B: 00000000	brz 29
PC: 0000000f	SP: 0000270f	A: 01000005	B: 00000000	stl 0
PC: 00000010	SP: 0000270f	A: 00000000	B: 00000000	ldc 1
PC: 00000011	SP: 0000270f	A: 00000001	B: 00000000	stl 6
PC: 00000012	SP: 0000270f	A: 00000000	B: 00000000	ldl 0
PC: 00000013	SP: 0000270f	A: 01000005	B: 00000000	ldl 6
PC: 00000014	SP: 0000270f	A: 00000001	B: 01000005	sub 0
PC: 00000015	SP: 0000270f	A: 01000004	B: 01000005	brz 16777206
PC: 00000016	SP: 0000270f	A: 01000004	B: 01000005	ldl 6
PC: 00000017	SP: 0000270f	A: 00000001	B: 01000004	ldnl 0
PC: 00000018	SP: 0000270f	A: 00000003	B: 01000004	ldl 6
PC: 00000019	SP: 0000270f	A: 00000001	B: 00000003	adc 1
PC: 0000001a	SP: 0000270f	A: 00000002	B: 00000003	ldnl 0
PC: 0000001b	SP: 0000270f	A: 00000a00	B: 00000003	sub 0
PC: 0000001c	SP: 0000270f	A: fffff603	B: 00000003	brlz 10
PC: 00000027	SP: 0000270f	A: fffff603	B: 00000003	ldc 1
PC: 00000028	SP: 0000270f	A: 00000001	B: fffff603	ldl 6
PC: 00000029	SP: 0000270f	A: 00000001	B: 00000001	add 0
PC: 0000002a	SP: 0000270f	A: 00000002	B: 00000001	stl 6
PC: 0000002b	SP: 0000270f	A: 00000001	B: 00000001	br 16777190
