PC: 00000000	SP: 0000270f	A: 00000000	B: 00000000	ldc 60
PC: 00000001	SP: 0000270f	A: 0000003c	B: 00000000	stl 0
PC: 00000002	SP: 0000270f	A: 00000000	B: 00000000	ldc 0
PC: 00000003	SP: 0000270f	A: 00000000	B: 00000000	stl 1
PC: 00000004	SP: 0000270f	A: 00000000	B: 00000000	ldl 0
PC: 00000005	SP: 0000270f	A: 0000003c	B: 00000000	ldc 1
PC: 00000006	SP: 0000270f	A: 00000001	B: 0000003c	sub 0
PC: 00000007	SP: 0000270f	A: 0000003b	B: 0000003c	stl 2
PC: 00000008	SP: 0000270f	A: 0000003c	B: 0000003c	ldl 2
PC: 00000009	SP: 0000270f	A: 0000003b	B: 0000003c	ldl 1
PC: 0000000a	SP: 0000270f	A: 00000000	B: 0000003b	sub 0
PC: 0000000b	SP: 0000270f	A: 0000003b	B: 0000003b	brlz 41
PC: 0000000c	SP: 0000270f	A: 0000003b	B: 0000003b	ldl 1
PC: 0000000d	SP: 0000270f	A: 00000000	B: 0000003b	ldc 62
PC: 0000000e	SP: 0000270f	A: 0000003e	B: 00000000	add 0
PC: 0000000f	SP: 0000270f	A: 0000003e	B: 00000000	ldnl 0
PC: 00000010	SP: 0000270f	A: 00000000	B: 00000000	stl 3
PC: 00000011	SP: 0000270f	A: 00000000	B: 00000000	ldl 1
PC: 00000012	SP: 0000270f	A: 00000000	B: 00000000	ldc 62
PC: 00000013	SP: 0000270f	A: 0000003e	B: 00000000	add 0
PC: 00000014	SP: 0000270f	A: 0000003e	B: 00000000	stl 4
PC: 00000015	SP: 0000270f	A: 00000000	B: 00000000	ldl 2
PC: 00000016	SP: 0000270f	A: 0000003b	B: 00000000	ldc 62
PC: 00000017	SP: 0000270f	A: 0000003e	B: 0000003b	add 0
PC: 00000018	SP: 0000270f	A: 00000079	B: 0000003b	ldnl 0
PC: 00000019	SP: 0000270f	A: 00000000	B: 0000003b	ldl 4
PC: 0000001a	SP: 0000270f	A: 0000003e	B: 00000000	stnl 0
PC: 0000001b	SP: 0000270f	A: 0000003e	B: 00000000	ldl 2
PC: 0000001c	SP: 0000270f	A: 0000003b	B: 0000003e	ldc 62
PC: 0000001d	SP: 0000270f	A: 0000003e	B: 0000003b	add 0
PC: 0000001e	SP: 0000270f	A: 00000079	B: 0000003b	stl 4
PC: 0000001f	SP: 0000270f	A: 0000003b	B: 0000003b	ldl 3
PC: 00000020	SP: 0000270f	A: 00000000	B: 0000003b	ldl 4
PC: 00000021	SP: 0000270f	A: 00000079	B: 00000000	stnl 0
PC: 00000022	SP: 0000270f	A: 00000079	B: 00000000	ldl 1
PC: 00000023	SP: 0000270f	A: 00000000	B: 00000079	ldc 1
PC: 00000024	SP: 0000270f	A: 00000001	B: 00000000	add 0
PC: 00000025	SP: 0000270f	A: 00000001	B: 00000000	stl 1
PC: 00000026	SP: 0000270f	A: 00000000	B: 00000000	ldl 2
PC: 00000027	SP: 0000270f	A: 0000003b	B: 00000000	ldc 1
PC: 00000028	SP: 0000270f	A: 00000001	B: 0000003b	sub 0
PC: 00000029	SP: 0000270f	A: 0000003a	B: 0000003b	stl 2
PC: 0000002a	SP: 0000270f	A: 0000003b	B: 0000003b	br 16777172
